<?xml version="1.0" encoding="UTF-8"?>
<testsuite xmlns:xsi="http://www.w3.org/2001/XMLSchema-instance" xsi:noNamespaceSchemaLocation="https://maven.apache.org/surefire/maven-surefire-plugin/xsd/surefire-test-report-3.0.xsd" version="3.0" name="runner.TestRunner" time="260.193" tests="134" errors="10" skipped="15" failures="0">
  <properties>
    <property name="sun.desktop" value="windows"/>
    <property name="awt.toolkit" value="sun.awt.windows.WToolkit"/>
    <property name="file.encoding.pkg" value="sun.io"/>
    <property name="java.specification.version" value="1.8"/>
    <property name="sun.cpu.isalist" value="amd64"/>
    <property name="sun.jnu.encoding" value="Cp1252"/>
    <property name="java.class.path" value="C:\Users\tetiana\git\repository\com.tekschool.retail\target\test-classes;C:\Users\tetiana\git\repository\com.tekschool.retail\target\classes;C:\Users\tetiana\.m2\repository\junit\junit\4.13\junit-4.13.jar;C:\Users\tetiana\.m2\repository\org\hamcrest\hamcrest-core\1.3\hamcrest-core-1.3.jar;C:\Users\tetiana\.m2\repository\org\seleniumhq\selenium\selenium-java\3.7.0\selenium-java-3.7.0.jar;C:\Users\tetiana\.m2\repository\org\seleniumhq\selenium\selenium-api\3.7.0\selenium-api-3.7.0.jar;C:\Users\tetiana\.m2\repository\org\seleniumhq\selenium\selenium-chrome-driver\3.7.0\selenium-chrome-driver-3.7.0.jar;C:\Users\tetiana\.m2\repository\org\seleniumhq\selenium\selenium-edge-driver\3.7.0\selenium-edge-driver-3.7.0.jar;C:\Users\tetiana\.m2\repository\org\seleniumhq\selenium\selenium-firefox-driver\3.7.0\selenium-firefox-driver-3.7.0.jar;C:\Users\tetiana\.m2\repository\org\seleniumhq\selenium\selenium-ie-driver\3.7.0\selenium-ie-driver-3.7.0.jar;C:\Users\tetiana\.m2\repository\org\seleniumhq\selenium\selenium-opera-driver\3.7.0\selenium-opera-driver-3.7.0.jar;C:\Users\tetiana\.m2\repository\org\seleniumhq\selenium\selenium-remote-driver\3.7.0\selenium-remote-driver-3.7.0.jar;C:\Users\tetiana\.m2\repository\org\seleniumhq\selenium\selenium-safari-driver\3.7.0\selenium-safari-driver-3.7.0.jar;C:\Users\tetiana\.m2\repository\org\seleniumhq\selenium\selenium-support\3.7.0\selenium-support-3.7.0.jar;C:\Users\tetiana\.m2\repository\net\bytebuddy\byte-buddy\1.7.5\byte-buddy-1.7.5.jar;C:\Users\tetiana\.m2\repository\org\apache\commons\commons-exec\1.3\commons-exec-1.3.jar;C:\Users\tetiana\.m2\repository\commons-codec\commons-codec\1.10\commons-codec-1.10.jar;C:\Users\tetiana\.m2\repository\commons-logging\commons-logging\1.2\commons-logging-1.2.jar;C:\Users\tetiana\.m2\repository\com\google\code\gson\gson\2.8.2\gson-2.8.2.jar;C:\Users\tetiana\.m2\repository\com\google\guava\guava\23.0\guava-23.0.jar;C:\Users\tetiana\.m2\repository\com\google\code\findbugs\jsr305\1.3.9\jsr305-1.3.9.jar;C:\Users\tetiana\.m2\repository\com\google\errorprone\error_prone_annotations\2.0.18\error_prone_annotations-2.0.18.jar;C:\Users\tetiana\.m2\repository\com\google\j2objc\j2objc-annotations\1.1\j2objc-annotations-1.1.jar;C:\Users\tetiana\.m2\repository\org\codehaus\mojo\animal-sniffer-annotations\1.14\animal-sniffer-annotations-1.14.jar;C:\Users\tetiana\.m2\repository\org\apache\httpcomponents\httpclient\4.5.3\httpclient-4.5.3.jar;C:\Users\tetiana\.m2\repository\org\apache\httpcomponents\httpcore\4.4.6\httpcore-4.4.6.jar;C:\Users\tetiana\.m2\repository\info\cukes\cucumber-java\1.2.5\cucumber-java-1.2.5.jar;C:\Users\tetiana\.m2\repository\info\cukes\cucumber-core\1.2.5\cucumber-core-1.2.5.jar;C:\Users\tetiana\.m2\repository\info\cukes\cucumber-html\0.2.3\cucumber-html-0.2.3.jar;C:\Users\tetiana\.m2\repository\info\cukes\gherkin\2.12.2\gherkin-2.12.2.jar;C:\Users\tetiana\.m2\repository\info\cukes\cucumber-jvm-deps\1.0.5\cucumber-jvm-deps-1.0.5.jar;C:\Users\tetiana\.m2\repository\info\cukes\cucumber-junit\1.2.5\cucumber-junit-1.2.5.jar;C:\Users\tetiana\.m2\repository\com\vimalselvam\cucumber-extentsreport\3.0.2\cucumber-extentsreport-3.0.2.jar;C:\Users\tetiana\.m2\repository\com\aventstack\extentreports\3.1.2\extentreports-3.1.2.jar;C:\Users\tetiana\.m2\repository\org\freemarker\freemarker\2.3.23\freemarker-2.3.23.jar;C:\Users\tetiana\.m2\repository\org\mongodb\mongodb-driver\3.3.0\mongodb-driver-3.3.0.jar;C:\Users\tetiana\.m2\repository\org\mongodb\bson\3.3.0\bson-3.3.0.jar;C:\Users\tetiana\.m2\repository\org\mongodb\mongodb-driver-core\3.3.0\mongodb-driver-core-3.3.0.jar;C:\Users\tetiana\.m2\repository\org\apache\httpcomponents\httpmime\4.5.2\httpmime-4.5.2.jar;C:\Users\tetiana\.m2\repository\org\jsoup\jsoup\1.9.2\jsoup-1.9.2.jar;C:\Users\tetiana\.m2\repository\org\apache\poi\poi\3.17\poi-3.17.jar;C:\Users\tetiana\.m2\repository\org\apache\commons\commons-collections4\4.1\commons-collections4-4.1.jar;C:\Users\tetiana\.m2\repository\org\apache\poi\poi-ooxml\3.17\poi-ooxml-3.17.jar;C:\Users\tetiana\.m2\repository\com\github\virtuald\curvesapi\1.04\curvesapi-1.04.jar;C:\Users\tetiana\.m2\repository\com\github\stephenc\monte\monte-screen-recorder\0.7.7.0\monte-screen-recorder-0.7.7.0.jar;C:\Users\tetiana\.m2\repository\org\apache\poi\poi-ooxml-schemas\3.9\poi-ooxml-schemas-3.9.jar;C:\Users\tetiana\.m2\repository\org\apache\xmlbeans\xmlbeans\2.3.0\xmlbeans-2.3.0.jar;C:\Users\tetiana\.m2\repository\stax\stax-api\1.0.1\stax-api-1.0.1.jar;C:\Users\tetiana\.m2\repository\org\apache\poi\poi-scratchpad\3.9\poi-scratchpad-3.9.jar;C:\Users\tetiana\.m2\repository\org\apache\poi\ooxml-schemas\1.1\ooxml-schemas-1.1.jar;C:\Users\tetiana\.m2\repository\org\apache\poi\openxml4j\1.0-beta\openxml4j-1.0-beta.jar;C:\Users\tetiana\.m2\repository\dom4j\dom4j\1.6.1\dom4j-1.6.1.jar;C:\Users\tetiana\.m2\repository\xml-apis\xml-apis\1.0.b2\xml-apis-1.0.b2.jar;C:\Users\tetiana\.m2\repository\log4j\log4j\1.2.8\log4j-1.2.8.jar;C:\Users\tetiana\.m2\repository\io\github\bonigarcia\webdrivermanager\3.6.2\webdrivermanager-3.6.2.jar;C:\Users\tetiana\.m2\repository\org\slf4j\slf4j-api\1.7.25\slf4j-api-1.7.25.jar;C:\Users\tetiana\.m2\repository\org\apache\commons\commons-lang3\3.8.1\commons-lang3-3.8.1.jar;C:\Users\tetiana\.m2\repository\org\rauschig\jarchivelib\1.0.0\jarchivelib-1.0.0.jar;C:\Users\tetiana\.m2\repository\org\apache\commons\commons-compress\1.18\commons-compress-1.18.jar;C:\Users\tetiana\.m2\repository\net\masterthought\cucumber-reporting\3.8.0\cucumber-reporting-3.8.0.jar;C:\Users\tetiana\.m2\repository\org\apache\logging\log4j\log4j-core\2.6\log4j-core-2.6.jar;C:\Users\tetiana\.m2\repository\com\fasterxml\jackson\core\jackson-databind\2.8.5\jackson-databind-2.8.5.jar;C:\Users\tetiana\.m2\repository\com\fasterxml\jackson\core\jackson-annotations\2.8.0\jackson-annotations-2.8.0.jar;C:\Users\tetiana\.m2\repository\com\fasterxml\jackson\core\jackson-core\2.8.5\jackson-core-2.8.5.jar;C:\Users\tetiana\.m2\repository\org\apache\velocity\velocity\1.7\velocity-1.7.jar;C:\Users\tetiana\.m2\repository\commons-collections\commons-collections\3.2.1\commons-collections-3.2.1.jar;C:\Users\tetiana\.m2\repository\commons-lang\commons-lang\2.4\commons-lang-2.4.jar;C:\Users\tetiana\.m2\repository\velocity-tools\velocity-tools\1.4\velocity-tools-1.4.jar;C:\Users\tetiana\.m2\repository\joda-time\joda-time\2.9.6\joda-time-2.9.6.jar;C:\Users\tetiana\.m2\repository\net\lingala\zip4j\zip4j\1.3.2\zip4j-1.3.2.jar;C:\Users\tetiana\.m2\repository\org\codehaus\plexus\plexus-utils\3.0.24\plexus-utils-3.0.24.jar;C:\Users\tetiana\.m2\repository\com\googlecode\owasp-java-html-sanitizer\owasp-java-html-sanitizer\20160924.1\owasp-java-html-sanitizer-20160924.1.jar;C:\Users\tetiana\.m2\repository\org\slf4j\slf4j-simple\1.7.12\slf4j-simple-1.7.12.jar;C:\Users\tetiana\.m2\repository\commons-io\commons-io\2.5\commons-io-2.5.jar;C:\Users\tetiana\.m2\repository\postgresql\postgresql\9.1-901-1.jdbc4\postgresql-9.1-901-1.jdbc4.jar;C:\Users\tetiana\.m2\repository\com\opencsv\opencsv\3.8\opencsv-3.8.jar;C:\Users\tetiana\.m2\repository\commons-beanutils\commons-beanutils\1.9.2\commons-beanutils-1.9.2.jar;C:\Users\tetiana\.m2\repository\org\apache\logging\log4j\log4j-api\2.9.1\log4j-api-2.9.1.jar;"/>
    <property name="java.vm.vendor" value="Oracle Corporation"/>
    <property name="sun.arch.data.model" value="64"/>
    <property name="user.variant" value=""/>
    <property name="java.vendor.url" value="http://java.oracle.com/"/>
    <property name="user.timezone" value="America/New_York"/>
    <property name="java.vm.specification.version" value="1.8"/>
    <property name="os.name" value="Windows 10"/>
    <property name="user.country" value="US"/>
    <property name="sun.java.launcher" value="SUN_STANDARD"/>
    <property name="sun.boot.library.path" value="C:\Program Files\Java\jdk1.8.0_251\jre\bin"/>
    <property name="sun.java.command" value="C:\Users\tetiana\AppData\Local\Temp\surefire973996273706965357\surefirebooter3430310235811289225.jar C:\Users\tetiana\AppData\Local\Temp\surefire973996273706965357 2020-11-12T03-03-53_917-jvmRun1 surefire6397977427785789604tmp surefire_04253082175696799418tmp"/>
    <property name="surefire.test.class.path" value="C:\Users\tetiana\git\repository\com.tekschool.retail\target\test-classes;C:\Users\tetiana\git\repository\com.tekschool.retail\target\classes;C:\Users\tetiana\.m2\repository\junit\junit\4.13\junit-4.13.jar;C:\Users\tetiana\.m2\repository\org\hamcrest\hamcrest-core\1.3\hamcrest-core-1.3.jar;C:\Users\tetiana\.m2\repository\org\seleniumhq\selenium\selenium-java\3.7.0\selenium-java-3.7.0.jar;C:\Users\tetiana\.m2\repository\org\seleniumhq\selenium\selenium-api\3.7.0\selenium-api-3.7.0.jar;C:\Users\tetiana\.m2\repository\org\seleniumhq\selenium\selenium-chrome-driver\3.7.0\selenium-chrome-driver-3.7.0.jar;C:\Users\tetiana\.m2\repository\org\seleniumhq\selenium\selenium-edge-driver\3.7.0\selenium-edge-driver-3.7.0.jar;C:\Users\tetiana\.m2\repository\org\seleniumhq\selenium\selenium-firefox-driver\3.7.0\selenium-firefox-driver-3.7.0.jar;C:\Users\tetiana\.m2\repository\org\seleniumhq\selenium\selenium-ie-driver\3.7.0\selenium-ie-driver-3.7.0.jar;C:\Users\tetiana\.m2\repository\org\seleniumhq\selenium\selenium-opera-driver\3.7.0\selenium-opera-driver-3.7.0.jar;C:\Users\tetiana\.m2\repository\org\seleniumhq\selenium\selenium-remote-driver\3.7.0\selenium-remote-driver-3.7.0.jar;C:\Users\tetiana\.m2\repository\org\seleniumhq\selenium\selenium-safari-driver\3.7.0\selenium-safari-driver-3.7.0.jar;C:\Users\tetiana\.m2\repository\org\seleniumhq\selenium\selenium-support\3.7.0\selenium-support-3.7.0.jar;C:\Users\tetiana\.m2\repository\net\bytebuddy\byte-buddy\1.7.5\byte-buddy-1.7.5.jar;C:\Users\tetiana\.m2\repository\org\apache\commons\commons-exec\1.3\commons-exec-1.3.jar;C:\Users\tetiana\.m2\repository\commons-codec\commons-codec\1.10\commons-codec-1.10.jar;C:\Users\tetiana\.m2\repository\commons-logging\commons-logging\1.2\commons-logging-1.2.jar;C:\Users\tetiana\.m2\repository\com\google\code\gson\gson\2.8.2\gson-2.8.2.jar;C:\Users\tetiana\.m2\repository\com\google\guava\guava\23.0\guava-23.0.jar;C:\Users\tetiana\.m2\repository\com\google\code\findbugs\jsr305\1.3.9\jsr305-1.3.9.jar;C:\Users\tetiana\.m2\repository\com\google\errorprone\error_prone_annotations\2.0.18\error_prone_annotations-2.0.18.jar;C:\Users\tetiana\.m2\repository\com\google\j2objc\j2objc-annotations\1.1\j2objc-annotations-1.1.jar;C:\Users\tetiana\.m2\repository\org\codehaus\mojo\animal-sniffer-annotations\1.14\animal-sniffer-annotations-1.14.jar;C:\Users\tetiana\.m2\repository\org\apache\httpcomponents\httpclient\4.5.3\httpclient-4.5.3.jar;C:\Users\tetiana\.m2\repository\org\apache\httpcomponents\httpcore\4.4.6\httpcore-4.4.6.jar;C:\Users\tetiana\.m2\repository\info\cukes\cucumber-java\1.2.5\cucumber-java-1.2.5.jar;C:\Users\tetiana\.m2\repository\info\cukes\cucumber-core\1.2.5\cucumber-core-1.2.5.jar;C:\Users\tetiana\.m2\repository\info\cukes\cucumber-html\0.2.3\cucumber-html-0.2.3.jar;C:\Users\tetiana\.m2\repository\info\cukes\gherkin\2.12.2\gherkin-2.12.2.jar;C:\Users\tetiana\.m2\repository\info\cukes\cucumber-jvm-deps\1.0.5\cucumber-jvm-deps-1.0.5.jar;C:\Users\tetiana\.m2\repository\info\cukes\cucumber-junit\1.2.5\cucumber-junit-1.2.5.jar;C:\Users\tetiana\.m2\repository\com\vimalselvam\cucumber-extentsreport\3.0.2\cucumber-extentsreport-3.0.2.jar;C:\Users\tetiana\.m2\repository\com\aventstack\extentreports\3.1.2\extentreports-3.1.2.jar;C:\Users\tetiana\.m2\repository\org\freemarker\freemarker\2.3.23\freemarker-2.3.23.jar;C:\Users\tetiana\.m2\repository\org\mongodb\mongodb-driver\3.3.0\mongodb-driver-3.3.0.jar;C:\Users\tetiana\.m2\repository\org\mongodb\bson\3.3.0\bson-3.3.0.jar;C:\Users\tetiana\.m2\repository\org\mongodb\mongodb-driver-core\3.3.0\mongodb-driver-core-3.3.0.jar;C:\Users\tetiana\.m2\repository\org\apache\httpcomponents\httpmime\4.5.2\httpmime-4.5.2.jar;C:\Users\tetiana\.m2\repository\org\jsoup\jsoup\1.9.2\jsoup-1.9.2.jar;C:\Users\tetiana\.m2\repository\org\apache\poi\poi\3.17\poi-3.17.jar;C:\Users\tetiana\.m2\repository\org\apache\commons\commons-collections4\4.1\commons-collections4-4.1.jar;C:\Users\tetiana\.m2\repository\org\apache\poi\poi-ooxml\3.17\poi-ooxml-3.17.jar;C:\Users\tetiana\.m2\repository\com\github\virtuald\curvesapi\1.04\curvesapi-1.04.jar;C:\Users\tetiana\.m2\repository\com\github\stephenc\monte\monte-screen-recorder\0.7.7.0\monte-screen-recorder-0.7.7.0.jar;C:\Users\tetiana\.m2\repository\org\apache\poi\poi-ooxml-schemas\3.9\poi-ooxml-schemas-3.9.jar;C:\Users\tetiana\.m2\repository\org\apache\xmlbeans\xmlbeans\2.3.0\xmlbeans-2.3.0.jar;C:\Users\tetiana\.m2\repository\stax\stax-api\1.0.1\stax-api-1.0.1.jar;C:\Users\tetiana\.m2\repository\org\apache\poi\poi-scratchpad\3.9\poi-scratchpad-3.9.jar;C:\Users\tetiana\.m2\repository\org\apache\poi\ooxml-schemas\1.1\ooxml-schemas-1.1.jar;C:\Users\tetiana\.m2\repository\org\apache\poi\openxml4j\1.0-beta\openxml4j-1.0-beta.jar;C:\Users\tetiana\.m2\repository\dom4j\dom4j\1.6.1\dom4j-1.6.1.jar;C:\Users\tetiana\.m2\repository\xml-apis\xml-apis\1.0.b2\xml-apis-1.0.b2.jar;C:\Users\tetiana\.m2\repository\log4j\log4j\1.2.8\log4j-1.2.8.jar;C:\Users\tetiana\.m2\repository\io\github\bonigarcia\webdrivermanager\3.6.2\webdrivermanager-3.6.2.jar;C:\Users\tetiana\.m2\repository\org\slf4j\slf4j-api\1.7.25\slf4j-api-1.7.25.jar;C:\Users\tetiana\.m2\repository\org\apache\commons\commons-lang3\3.8.1\commons-lang3-3.8.1.jar;C:\Users\tetiana\.m2\repository\org\rauschig\jarchivelib\1.0.0\jarchivelib-1.0.0.jar;C:\Users\tetiana\.m2\repository\org\apache\commons\commons-compress\1.18\commons-compress-1.18.jar;C:\Users\tetiana\.m2\repository\net\masterthought\cucumber-reporting\3.8.0\cucumber-reporting-3.8.0.jar;C:\Users\tetiana\.m2\repository\org\apache\logging\log4j\log4j-core\2.6\log4j-core-2.6.jar;C:\Users\tetiana\.m2\repository\com\fasterxml\jackson\core\jackson-databind\2.8.5\jackson-databind-2.8.5.jar;C:\Users\tetiana\.m2\repository\com\fasterxml\jackson\core\jackson-annotations\2.8.0\jackson-annotations-2.8.0.jar;C:\Users\tetiana\.m2\repository\com\fasterxml\jackson\core\jackson-core\2.8.5\jackson-core-2.8.5.jar;C:\Users\tetiana\.m2\repository\org\apache\velocity\velocity\1.7\velocity-1.7.jar;C:\Users\tetiana\.m2\repository\commons-collections\commons-collections\3.2.1\commons-collections-3.2.1.jar;C:\Users\tetiana\.m2\repository\commons-lang\commons-lang\2.4\commons-lang-2.4.jar;C:\Users\tetiana\.m2\repository\velocity-tools\velocity-tools\1.4\velocity-tools-1.4.jar;C:\Users\tetiana\.m2\repository\joda-time\joda-time\2.9.6\joda-time-2.9.6.jar;C:\Users\tetiana\.m2\repository\net\lingala\zip4j\zip4j\1.3.2\zip4j-1.3.2.jar;C:\Users\tetiana\.m2\repository\org\codehaus\plexus\plexus-utils\3.0.24\plexus-utils-3.0.24.jar;C:\Users\tetiana\.m2\repository\com\googlecode\owasp-java-html-sanitizer\owasp-java-html-sanitizer\20160924.1\owasp-java-html-sanitizer-20160924.1.jar;C:\Users\tetiana\.m2\repository\org\slf4j\slf4j-simple\1.7.12\slf4j-simple-1.7.12.jar;C:\Users\tetiana\.m2\repository\commons-io\commons-io\2.5\commons-io-2.5.jar;C:\Users\tetiana\.m2\repository\postgresql\postgresql\9.1-901-1.jdbc4\postgresql-9.1-901-1.jdbc4.jar;C:\Users\tetiana\.m2\repository\com\opencsv\opencsv\3.8\opencsv-3.8.jar;C:\Users\tetiana\.m2\repository\commons-beanutils\commons-beanutils\1.9.2\commons-beanutils-1.9.2.jar;C:\Users\tetiana\.m2\repository\org\apache\logging\log4j\log4j-api\2.9.1\log4j-api-2.9.1.jar;"/>
    <property name="sun.cpu.endian" value="little"/>
    <property name="user.home" value="C:\Users\tetiana"/>
    <property name="user.language" value="en"/>
    <property name="java.specification.vendor" value="Oracle Corporation"/>
    <property name="java.home" value="C:\Program Files\Java\jdk1.8.0_251\jre"/>
    <property name="basedir" value="C:\Users\tetiana\git\repository\com.tekschool.retail"/>
    <property name="file.separator" value="\"/>
    <property name="line.separator" value="&#10;"/>
    <property name="java.vm.specification.vendor" value="Oracle Corporation"/>
    <property name="java.specification.name" value="Java Platform API Specification"/>
    <property name="java.awt.graphicsenv" value="sun.awt.Win32GraphicsEnvironment"/>
    <property name="surefire.real.class.path" value="C:\Users\tetiana\AppData\Local\Temp\surefire973996273706965357\surefirebooter3430310235811289225.jar"/>
    <property name="sun.boot.class.path" value="C:\Program Files\Java\jdk1.8.0_251\jre\lib\resources.jar;C:\Program Files\Java\jdk1.8.0_251\jre\lib\rt.jar;C:\Program Files\Java\jdk1.8.0_251\jre\lib\sunrsasign.jar;C:\Program Files\Java\jdk1.8.0_251\jre\lib\jsse.jar;C:\Program Files\Java\jdk1.8.0_251\jre\lib\jce.jar;C:\Program Files\Java\jdk1.8.0_251\jre\lib\charsets.jar;C:\Program Files\Java\jdk1.8.0_251\jre\lib\jfr.jar;C:\Program Files\Java\jdk1.8.0_251\jre\classes"/>
    <property name="user.script" value=""/>
    <property name="sun.management.compiler" value="HotSpot 64-Bit Tiered Compilers"/>
    <property name="java.runtime.version" value="1.8.0_251-b08"/>
    <property name="user.name" value="tetiana"/>
    <property name="path.separator" value=";"/>
    <property name="os.version" value="10.0"/>
    <property name="java.endorsed.dirs" value="C:\Program Files\Java\jdk1.8.0_251\jre\lib\endorsed"/>
    <property name="java.runtime.name" value="Java(TM) SE Runtime Environment"/>
    <property name="file.encoding" value="Cp1252"/>
    <property name="java.vm.name" value="Java HotSpot(TM) 64-Bit Server VM"/>
    <property name="localRepository" value="C:\Users\tetiana\.m2\repository"/>
    <property name="java.vendor.url.bug" value="http://bugreport.sun.com/bugreport/"/>
    <property name="java.io.tmpdir" value="C:\Users\tetiana\AppData\Local\Temp\"/>
    <property name="java.version" value="1.8.0_251"/>
    <property name="user.dir" value="C:\Users\tetiana\git\repository\com.tekschool.retail"/>
    <property name="os.arch" value="amd64"/>
    <property name="java.vm.specification.name" value="Java Virtual Machine Specification"/>
    <property name="java.awt.printerjob" value="sun.awt.windows.WPrinterJob"/>
    <property name="sun.os.patch.level" value=""/>
    <property name="java.library.path" value="C:\Program Files\Java\jdk1.8.0_251\jre\bin;C:\WINDOWS\Sun\Java\bin;C:\WINDOWS\system32;C:\WINDOWS;C:/Program Files/Java/jre1.8.0_251/bin/server;C:/Program Files/Java/jre1.8.0_251/bin;C:/Program Files/Java/jre1.8.0_251/lib/amd64;C:\Program Files (x86)\Common Files\Oracle\Java\javapath;C:\Program Files (x86)\Intel\Intel(R) Management Engine Components\iCLS\;C:\Program Files\Intel\Intel(R) Management Engine Components\iCLS\;C:\WINDOWS\system32;C:\WINDOWS;C:\WINDOWS\System32\Wbem;C:\WINDOWS\System32\WindowsPowerShell\v1.0\;C:\WINDOWS\System32\OpenSSH\;C:\Program Files (x86)\Intel\Intel(R) Management Engine Components\DAL;C:\Program Files\Intel\Intel(R) Management Engine Components\DAL;C:\Program Files (x86)\Intel\Intel(R) Management Engine Components\IPT;C:\Program Files\Intel\Intel(R) Management Engine Components\IPT;C:\Program Files\Java\jdk1.8.0_251\bin;C:\Program Files\Java\jre1.8.0_251\bin;C:\Program Files\apache-maven-3.6.3\bin;C:\Program Files\Mozilla Firefox;C:\Program Files\Git\cmd;C:\Users\tetiana\AppData\Local\Microsoft\WindowsApps;;C:\Users\tetiana\Desktop;;."/>
    <property name="java.vm.info" value="mixed mode"/>
    <property name="java.vendor" value="Oracle Corporation"/>
    <property name="java.vm.version" value="25.251-b08"/>
    <property name="java.ext.dirs" value="C:\Program Files\Java\jdk1.8.0_251\jre\lib\ext;C:\WINDOWS\Sun\Java\lib\ext"/>
    <property name="sun.io.unicode.encoding" value="UnicodeLittle"/>
    <property name="java.class.version" value="52.0"/>
  </properties>
  <testcase name="Scenario: A) Register account for Test Environment" classname="Scenario: A) Register account for Test Environment" time="8.478">
    <error message="Access is denied. (os error 5)&#10;Build info: version: &apos;3.7.0&apos;, revision: &apos;2321c73&apos;, time: &apos;2017-11-02T22:22:35.584Z&apos;&#10;System info: host: &apos;DESKTOP-RSTO0AN&apos;, ip: &apos;192.168.86.26&apos;, os.name: &apos;Windows 10&apos;, os.arch: &apos;amd64&apos;, os.version: &apos;10.0&apos;, java.version: &apos;1.8.0_251&apos;&#10;Driver info: driver.version: FirefoxDriver&#10;remote stacktrace: " type="org.openqa.selenium.WebDriverException">org.openqa.selenium.WebDriverException: 
Access is denied. (os error 5)
Build info: version: '3.7.0', revision: '2321c73', time: '2017-11-02T22:22:35.584Z'
System info: host: 'DESKTOP-RSTO0AN', ip: '192.168.86.26', os.name: 'Windows 10', os.arch: 'amd64', os.version: '10.0', java.version: '1.8.0_251'
Driver info: driver.version: FirefoxDriver
remote stacktrace: 
</error>
    <system-out><![CDATA[@Test
Feature: Test Environment Scenarios
 INFO [main] (Initializer.java:28)- Scenario A) Register account for Test Environment Started 
]]></system-out>
    <system-err><![CDATA[[main] INFO io.github.bonigarcia.wdm.WebDriverManager - Using geckodriver 0.27.0 (since Mozilla Firefox 80 is installed in your machine)
[main] INFO io.github.bonigarcia.wdm.WebDriverManager - Reading https://api.github.com/repos/mozilla/geckodriver/releases to seek geckodriver
[main] INFO io.github.bonigarcia.wdm.Downloader - Downloading https://github.com/mozilla/geckodriver/releases/download/v0.27.0/geckodriver-v0.27.0-win64.zip
[main] INFO io.github.bonigarcia.wdm.Downloader - Extracting binary from compressed file geckodriver-v0.27.0-win64.zip
[main] INFO io.github.bonigarcia.wdm.WebDriverManager - Exporting webdriver.gecko.driver as C:\Users\tetiana\.m2\repository\webdriver\geckodriver\win64\0.27.0\geckodriver.exe
]]></system-err>
  </testcase>
  <testcase name="Scenario: A) Register account for Test Environment" classname="Scenario: A) Register account for Test Environment" time="8.557">
    <error type="java.lang.NullPointerException">java.lang.NullPointerException
</error>
  </testcase>
  <testcase name="Given User is on Retail website" classname="Scenario: A) Register account for Test Environment" time="0">
    <skipped/>
    <system-out><![CDATA[Failure in before hook:Initializer.beforeHooks(Scenario)
Message: org.openqa.selenium.WebDriverException: Access is denied. (os error 5)
Build info: version: '3.7.0', revision: '2321c73', time: '2017-11-02T22:22:35.584Z'
System info: host: 'DESKTOP-RSTO0AN', ip: '192.168.86.26', os.name: 'Windows 10', os.arch: 'amd64', os.version: '10.0', java.version: '1.8.0_251'
Driver info: driver.version: FirefoxDriver
remote stacktrace: 
	at sun.reflect.NativeConstructorAccessorImpl.newInstance0(Native Method)
	at sun.reflect.NativeConstructorAccessorImpl.newInstance(NativeConstructorAccessorImpl.java:62)
	at sun.reflect.DelegatingConstructorAccessorImpl.newInstance(DelegatingConstructorAccessorImpl.java:45)
	at java.lang.reflect.Constructor.newInstance(Constructor.java:423)
	at org.openqa.selenium.remote.W3CHandshakeResponse.lambda$new$0(W3CHandshakeResponse.java:57)
	at org.openqa.selenium.remote.W3CHandshakeResponse.lambda$getResponseFunction$2(W3CHandshakeResponse.java:104)
	at org.openqa.selenium.remote.ProtocolHandshake.lambda$createSession$0(ProtocolHandshake.java:123)
	at java.util.stream.ReferencePipeline$3$1.accept(ReferencePipeline.java:193)
	at java.util.Spliterators$ArraySpliterator.tryAdvance(Spliterators.java:958)
	at java.util.stream.ReferencePipeline.forEachWithCancel(ReferencePipeline.java:126)
	at java.util.stream.AbstractPipeline.copyIntoWithCancel(AbstractPipeline.java:499)
	at java.util.stream.AbstractPipeline.copyInto(AbstractPipeline.java:486)
	at java.util.stream.AbstractPipeline.wrapAndCopyInto(AbstractPipeline.java:472)
	at java.util.stream.FindOps$FindOp.evaluateSequential(FindOps.java:152)
	at java.util.stream.AbstractPipeline.evaluate(AbstractPipeline.java:234)
	at java.util.stream.ReferencePipeline.findFirst(ReferencePipeline.java:464)
	at org.openqa.selenium.remote.ProtocolHandshake.createSession(ProtocolHandshake.java:126)
	at org.openqa.selenium.remote.ProtocolHandshake.createSession(ProtocolHandshake.java:73)
	at org.openqa.selenium.remote.HttpCommandExecutor.execute(HttpCommandExecutor.java:142)
	at org.openqa.selenium.remote.service.DriverCommandExecutor.execute(DriverCommandExecutor.java:83)
	at org.openqa.selenium.remote.RemoteWebDriver.execute(RemoteWebDriver.java:600)
	at org.openqa.selenium.remote.RemoteWebDriver.startSession(RemoteWebDriver.java:219)
	at org.openqa.selenium.remote.RemoteWebDriver.<init>(RemoteWebDriver.java:142)
	at org.openqa.selenium.firefox.FirefoxDriver.<init>(FirefoxDriver.java:120)
	at org.openqa.selenium.firefox.FirefoxDriver.<init>(FirefoxDriver.java:98)
	at stepDefinitions.Initializer.beforeHooks(Initializer.java:41)
	at sun.reflect.NativeMethodAccessorImpl.invoke0(Native Method)
	at sun.reflect.NativeMethodAccessorImpl.invoke(NativeMethodAccessorImpl.java:62)
	at sun.reflect.DelegatingMethodAccessorImpl.invoke(DelegatingMethodAccessorImpl.java:43)
	at java.lang.reflect.Method.invoke(Method.java:498)
	at cucumber.runtime.Utils$1.call(Utils.java:40)
	at cucumber.runtime.Timeout.timeout(Timeout.java:16)
	at cucumber.runtime.Utils.invoke(Utils.java:34)
	at cucumber.runtime.java.JavaHookDefinition.execute(JavaHookDefinition.java:60)
	at cucumber.runtime.Runtime.runHookIfTagsMatch(Runtime.java:224)
	at cucumber.runtime.Runtime.runHooks(Runtime.java:212)
	at cucumber.runtime.Runtime.runBeforeHooks(Runtime.java:202)
	at cucumber.runtime.model.CucumberScenario.run(CucumberScenario.java:40)
	at cucumber.runtime.junit.ExecutionUnitRunner.run(ExecutionUnitRunner.java:102)
	at cucumber.runtime.junit.FeatureRunner.runChild(FeatureRunner.java:63)
	at cucumber.runtime.junit.FeatureRunner.runChild(FeatureRunner.java:18)
	at org.junit.runners.ParentRunner$4.run(ParentRunner.java:331)
	at org.junit.runners.ParentRunner$1.schedule(ParentRunner.java:79)
	at org.junit.runners.ParentRunner.runChildren(ParentRunner.java:329)
	at org.junit.runners.ParentRunner.access$100(ParentRunner.java:66)
	at org.junit.runners.ParentRunner$2.evaluate(ParentRunner.java:293)
	at org.junit.runners.ParentRunner$3.evaluate(ParentRunner.java:306)
	at org.junit.runners.ParentRunner.run(ParentRunner.java:413)
	at cucumber.runtime.junit.FeatureRunner.run(FeatureRunner.java:70)
	at cucumber.api.junit.Cucumber.runChild(Cucumber.java:95)
	at cucumber.api.junit.Cucumber.runChild(Cucumber.java:38)
	at org.junit.runners.ParentRunner$4.run(ParentRunner.java:331)
	at org.junit.runners.ParentRunner$1.schedule(ParentRunner.java:79)
	at org.junit.runners.ParentRunner.runChildren(ParentRunner.java:329)
	at org.junit.runners.ParentRunner.access$100(ParentRunner.java:66)
	at org.junit.runners.ParentRunner$2.evaluate(ParentRunner.java:293)
	at org.junit.runners.ParentRunner$3.evaluate(ParentRunner.java:306)
	at org.junit.runners.ParentRunner.run(ParentRunner.java:413)
	at cucumber.api.junit.Cucumber.run(Cucumber.java:100)
	at org.apache.maven.surefire.junit4.JUnit4Provider.execute(JUnit4Provider.java:365)
	at org.apache.maven.surefire.junit4.JUnit4Provider.executeWithRerun(JUnit4Provider.java:273)
	at org.apache.maven.surefire.junit4.JUnit4Provider.executeTestSet(JUnit4Provider.java:238)
	at org.apache.maven.surefire.junit4.JUnit4Provider.invoke(JUnit4Provider.java:159)
	at org.apache.maven.surefire.booter.ForkedBooter.invokeProviderInSameClassLoader(ForkedBooter.java:384)
	at org.apache.maven.surefire.booter.ForkedBooter.runSuitesInProcess(ForkedBooter.java:345)
	at org.apache.maven.surefire.booter.ForkedBooter.execute(ForkedBooter.java:126)
	at org.apache.maven.surefire.booter.ForkedBooter.main(ForkedBooter.java:418)

      org.openqa.selenium.WebDriverException: Access is denied. (os error 5)
      Build info: version: '3.7.0', revision: '2321c73', time: '2017-11-02T22:22:35.584Z'
      System info: host: 'DESKTOP-RSTO0AN', ip: '192.168.86.26', os.name: 'Windows 10', os.arch: 'amd64', os.version: '10.0', java.version: '1.8.0_251'
      Driver info: driver.version: FirefoxDriver
      remote stacktrace: 
      	at sun.reflect.NativeConstructorAccessorImpl.newInstance0(Native Method)
      	at sun.reflect.NativeConstructorAccessorImpl.newInstance(NativeConstructorAccessorImpl.java:62)
      	at sun.reflect.DelegatingConstructorAccessorImpl.newInstance(DelegatingConstructorAccessorImpl.java:45)
      	at java.lang.reflect.Constructor.newInstance(Constructor.java:423)
      	at org.openqa.selenium.remote.W3CHandshakeResponse.lambda$new$0(W3CHandshakeResponse.java:57)
      	at org.openqa.selenium.remote.W3CHandshakeResponse.lambda$getResponseFunction$2(W3CHandshakeResponse.java:104)
      	at org.openqa.selenium.remote.ProtocolHandshake.lambda$createSession$0(ProtocolHandshake.java:123)
      	at java.util.stream.ReferencePipeline$3$1.accept(ReferencePipeline.java:193)
      	at java.util.Spliterators$ArraySpliterator.tryAdvance(Spliterators.java:958)
      	at java.util.stream.ReferencePipeline.forEachWithCancel(ReferencePipeline.java:126)
      	at java.util.stream.AbstractPipeline.copyIntoWithCancel(AbstractPipeline.java:499)
      	at java.util.stream.AbstractPipeline.copyInto(AbstractPipeline.java:486)
      	at java.util.stream.AbstractPipeline.wrapAndCopyInto(AbstractPipeline.java:472)
      	at java.util.stream.FindOps$FindOp.evaluateSequential(FindOps.java:152)
      	at java.util.stream.AbstractPipeline.evaluate(AbstractPipeline.java:234)
      	at java.util.stream.ReferencePipeline.findFirst(ReferencePipeline.java:464)
      	at org.openqa.selenium.remote.ProtocolHandshake.createSession(ProtocolHandshake.java:126)
      	at org.openqa.selenium.remote.ProtocolHandshake.createSession(ProtocolHandshake.java:73)
      	at org.openqa.selenium.remote.HttpCommandExecutor.execute(HttpCommandExecutor.java:142)
      	at org.openqa.selenium.remote.service.DriverCommandExecutor.execute(DriverCommandExecutor.java:83)
      	at org.openqa.selenium.remote.RemoteWebDriver.execute(RemoteWebDriver.java:600)
      	at org.openqa.selenium.remote.RemoteWebDriver.startSession(RemoteWebDriver.java:219)
      	at org.openqa.selenium.remote.RemoteWebDriver.<init>(RemoteWebDriver.java:142)
      	at org.openqa.selenium.firefox.FirefoxDriver.<init>(FirefoxDriver.java:120)
      	at org.openqa.selenium.firefox.FirefoxDriver.<init>(FirefoxDriver.java:98)
      	at stepDefinitions.Initializer.beforeHooks(Initializer.java:41)
      	at sun.reflect.NativeMethodAccessorImpl.invoke0(Native Method)
      	at sun.reflect.NativeMethodAccessorImpl.invoke(NativeMethodAccessorImpl.java:62)
      	at sun.reflect.DelegatingMethodAccessorImpl.invoke(DelegatingMethodAccessorImpl.java:43)
      	at java.lang.reflect.Method.invoke(Method.java:498)
      	at cucumber.runtime.Utils$1.call(Utils.java:40)
      	at cucumber.runtime.Timeout.timeout(Timeout.java:16)
      	at cucumber.runtime.Utils.invoke(Utils.java:34)
      	at cucumber.runtime.java.JavaHookDefinition.execute(JavaHookDefinition.java:60)
      	at cucumber.runtime.Runtime.runHookIfTagsMatch(Runtime.java:224)
      	at cucumber.runtime.Runtime.runHooks(Runtime.java:212)
      	at cucumber.runtime.Runtime.runBeforeHooks(Runtime.java:202)
      	at cucumber.runtime.model.CucumberScenario.run(CucumberScenario.java:40)
      	at cucumber.runtime.junit.ExecutionUnitRunner.run(ExecutionUnitRunner.java:102)
      	at cucumber.runtime.junit.FeatureRunner.runChild(FeatureRunner.java:63)
      	at cucumber.runtime.junit.FeatureRunner.runChild(FeatureRunner.java:18)
      	at org.junit.runners.ParentRunner$4.run(ParentRunner.java:331)
      	at org.junit.runners.ParentRunner$1.schedule(ParentRunner.java:79)
      	at org.junit.runners.ParentRunner.runChildren(ParentRunner.java:329)
      	at org.junit.runners.ParentRunner.access$100(ParentRunner.java:66)
      	at org.junit.runners.ParentRunner$2.evaluate(ParentRunner.java:293)
      	at org.junit.runners.ParentRunner$3.evaluate(ParentRunner.java:306)
      	at org.junit.runners.ParentRunner.run(ParentRunner.java:413)
      	at cucumber.runtime.junit.FeatureRunner.run(FeatureRunner.java:70)
      	at cucumber.api.junit.Cucumber.runChild(Cucumber.java:95)
      	at cucumber.api.junit.Cucumber.runChild(Cucumber.java:38)
      	at org.junit.runners.ParentRunner$4.run(ParentRunner.java:331)
      	at org.junit.runners.ParentRunner$1.schedule(ParentRunner.java:79)
      	at org.junit.runners.ParentRunner.runChildren(ParentRunner.java:329)
      	at org.junit.runners.ParentRunner.access$100(ParentRunner.java:66)
      	at org.junit.runners.ParentRunner$2.evaluate(ParentRunner.java:293)
      	at org.junit.runners.ParentRunner$3.evaluate(ParentRunner.java:306)
      	at org.junit.runners.ParentRunner.run(ParentRunner.java:413)
      	at cucumber.api.junit.Cucumber.run(Cucumber.java:100)
      	at org.apache.maven.surefire.junit4.JUnit4Provider.execute(JUnit4Provider.java:365)
      	at org.apache.maven.surefire.junit4.JUnit4Provider.executeWithRerun(JUnit4Provider.java:273)
      	at org.apache.maven.surefire.junit4.JUnit4Provider.executeTestSet(JUnit4Provider.java:238)
      	at org.apache.maven.surefire.junit4.JUnit4Provider.invoke(JUnit4Provider.java:159)
      	at org.apache.maven.surefire.booter.ForkedBooter.invokeProviderInSameClassLoader(ForkedBooter.java:384)
      	at org.apache.maven.surefire.booter.ForkedBooter.runSuitesInProcess(ForkedBooter.java:345)
      	at org.apache.maven.surefire.booter.ForkedBooter.execute(ForkedBooter.java:126)
      	at org.apache.maven.surefire.booter.ForkedBooter.main(ForkedBooter.java:418)

]]></system-out>
  </testcase>
  <testcase name="When User click  on MyAccount" classname="Scenario: A) Register account for Test Environment" time="0">
    <skipped/>
    <system-out><![CDATA[
  Background:                       # Features/AssignmentTestEnvironment.feature:4
    Given User is on Retail website # LoginTestStepDefinition.user_is_on_Retail_website()
]]></system-out>
  </testcase>
  <testcase name="When If Register option is displayed User click on Register" classname="Scenario: A) Register account for Test Environment" time="0">
    <skipped/>
  </testcase>
  <testcase name="And User should see Register Account form" classname="Scenario: A) Register account for Test Environment" time="0">
    <skipped/>
  </testcase>
  <testcase name="And User should see Your Personal Details section with fields: &apos;First Name&apos;, &apos;Last Name&apos;, &apos;E-Mail&apos;,&apos;Telephone&apos;" classname="Scenario: A) Register account for Test Environment" time="0">
    <skipped/>
  </testcase>
  <testcase name="And User should see Your Password section: &apos;Password&apos; and &apos;Password Confirm&apos;" classname="Scenario: A) Register account for Test Environment" time="0">
    <skipped/>
  </testcase>
  <testcase name="Then User fill out Register form with information below" classname="Scenario: A) Register account for Test Environment" time="0">
    <skipped/>
  </testcase>
  <testcase name="And Verify &apos;Newsletter&apos; section present" classname="Scenario: A) Register account for Test Environment" time="0">
    <skipped/>
  </testcase>
  <testcase name="And Verify &apos;No&apos; Radio button is selected by default" classname="Scenario: A) Register account for Test Environment" time="0">
    <skipped/>
  </testcase>
  <testcase name="Then User selects &apos;Yes&apos; to subscribe" classname="Scenario: A) Register account for Test Environment" time="0">
    <skipped/>
  </testcase>
  <testcase name="And Verify &apos;Continue&apos; button is displayed" classname="Scenario: A) Register account for Test Environment" time="0">
    <skipped/>
  </testcase>
  <testcase name="And Verify check box &apos;I have read and agree to the Privacy Policy&apos; next to &apos;Continue&apos; button" classname="Scenario: A) Register account for Test Environment" time="0">
    <skipped/>
  </testcase>
  <testcase name="Then Click on check box" classname="Scenario: A) Register account for Test Environment" time="0">
    <skipped/>
  </testcase>
  <testcase name="Then Click on &apos;Continue&apos; button" classname="Scenario: A) Register account for Test Environment" time="0">
    <skipped/>
  </testcase>
  <testcase name="And Text should be displayed &apos;Your Account Has Been Created!&apos;" classname="Scenario: A) Register account for Test Environment" time="0">
    <skipped/>
  </testcase>
  <testcase name="Given User is on Retail website" classname="Scenario: B) User should be able to log in to their account" time="0"/>
  <testcase name="When User click  on MyAccount" classname="Scenario: B) User should be able to log in to their account" time="0"/>
  <testcase name="When Verify that Login sub-option in My Account menu and click on Login" classname="Scenario: B) User should be able to log in to their account" time="0"/>
  <testcase name="And Verify Login form Returning customer is displayed" classname="Scenario: B) User should be able to log in to their account" time="0"/>
  <testcase name="And Verify Email and Password fields are present" classname="Scenario: B) User should be able to log in to their account" time="0"/>
  <testcase name="And Verify Login button is displayed" classname="Scenario: B) User should be able to log in to their account" time="0"/>
  <testcase name="And User enter username &apos;karen@gmail.com&apos; and password &apos;loren123&apos;" classname="Scenario: B) User should be able to log in to their account" time="0.001"/>
  <testcase name="And Verify password is hidden when typed in" classname="Scenario: B) User should be able to log in to their account" time="0"/>
  <testcase name="And User click on Login button" classname="Scenario: B) User should be able to log in to their account" time="0"/>
  <testcase name="Then User is directed to My Account page once logged in" classname="Scenario: B) User should be able to log in to their account" time="0"/>
  <testcase name="Scenario: B) User should be able to log in to their account" classname="Scenario: B) User should be able to log in to their account" time="1.92">
    <error message="Tried to run command without establishing a connection&#10;Build info: version: &apos;3.7.0&apos;, revision: &apos;2321c73&apos;, time: &apos;2017-11-02T22:22:35.584Z&apos;&#10;System info: host: &apos;DESKTOP-RSTO0AN&apos;, ip: &apos;192.168.86.26&apos;, os.name: &apos;Windows 10&apos;, os.arch: &apos;amd64&apos;, os.version: &apos;10.0&apos;, java.version: &apos;1.8.0_251&apos;&#10;Driver info: org.openqa.selenium.firefox.FirefoxDriver&#10;Capabilities {acceptInsecureCerts: true, browserName: firefox, browserVersion: 81.0.2, javascriptEnabled: true, moz:accessibilityChecks: false, moz:buildID: 20201012085804, moz:geckodriverVersion: 0.27.0, moz:headless: false, moz:processID: 20972, moz:profile: C:\Users\tetiana\AppData\Lo..., moz:shutdownTimeout: 60000, moz:useNonSpecCompliantPointerOrigin: false, moz:webdriverClick: true, pageLoadStrategy: normal, platform: WINDOWS, platformName: WINDOWS, platformVersion: 10.0, rotatable: false, setWindowRect: true, strictFileInteractability: false, timeouts: {implicit: 0, pageLoad: 300000, script: 30000}, unhandledPromptBehavior: dismiss and notify}&#10;Session ID: 108080a2-537f-492a-9347-fd03919e6c76" type="org.openqa.selenium.NoSuchSessionException">org.openqa.selenium.NoSuchSessionException: 
Tried to run command without establishing a connection
Build info: version: '3.7.0', revision: '2321c73', time: '2017-11-02T22:22:35.584Z'
System info: host: 'DESKTOP-RSTO0AN', ip: '192.168.86.26', os.name: 'Windows 10', os.arch: 'amd64', os.version: '10.0', java.version: '1.8.0_251'
Driver info: org.openqa.selenium.firefox.FirefoxDriver
Capabilities {acceptInsecureCerts: true, browserName: firefox, browserVersion: 81.0.2, javascriptEnabled: true, moz:accessibilityChecks: false, moz:buildID: 20201012085804, moz:geckodriverVersion: 0.27.0, moz:headless: false, moz:processID: 20972, moz:profile: C:\Users\tetiana\AppData\Lo..., moz:shutdownTimeout: 60000, moz:useNonSpecCompliantPointerOrigin: false, moz:webdriverClick: true, pageLoadStrategy: normal, platform: WINDOWS, platformName: WINDOWS, platformVersion: 10.0, rotatable: false, setWindowRect: true, strictFileInteractability: false, timeouts: {implicit: 0, pageLoad: 300000, script: 30000}, unhandledPromptBehavior: dismiss and notify}
Session ID: 108080a2-537f-492a-9347-fd03919e6c76
</error>
  </testcase>
  <testcase name="Given User is on Retail website" classname="Scenario: C) Logout option for Test Environment" time="0"/>
  <testcase name="When User click  on MyAccount" classname="Scenario: C) Logout option for Test Environment" time="0"/>
  <testcase name="When Verify that Login sub-option in My Account menu and click on Login" classname="Scenario: C) Logout option for Test Environment" time="0"/>
  <testcase name="And Verify Login form Returning customer is displayed" classname="Scenario: C) Logout option for Test Environment" time="0"/>
  <testcase name="And User enter username &apos;karen@gmail.com&apos; and password &apos;loren123&apos;" classname="Scenario: C) Logout option for Test Environment" time="0"/>
  <testcase name="And User click on Login button" classname="Scenario: C) Logout option for Test Environment" time="0"/>
  <testcase name="And User click  on MyAccount" classname="Scenario: C) Logout option for Test Environment" time="0"/>
  <testcase name="And User click  on MyAccount" classname="Scenario: C) Logout option for Test Environment" time="0"/>
  <testcase name="And Verify that Logout sub-option is displayed in My Account drop-down menu" classname="Scenario: C) Logout option for Test Environment" time="0"/>
  <testcase name="Then User click on Logout" classname="Scenario: C) Logout option for Test Environment" time="0"/>
  <testcase name="And Verify Message appeared when user logged out - &apos;You have been logged off your account. It is now safe to leave the computer. Your shopping cart has been saved, the items inside it will be restored whenever you log back into your account.&apos;" classname="Scenario: C) Logout option for Test Environment" time="0"/>
  <testcase name="And Verify My Account menu has two options: Register, Login" classname="Scenario: C) Logout option for Test Environment" time="0"/>
  <testcase name="Scenario: C) Logout option for Test Environment" classname="Scenario: C) Logout option for Test Environment" time="2.406">
    <error message="Tried to run command without establishing a connection&#10;Build info: version: &apos;3.7.0&apos;, revision: &apos;2321c73&apos;, time: &apos;2017-11-02T22:22:35.584Z&apos;&#10;System info: host: &apos;DESKTOP-RSTO0AN&apos;, ip: &apos;192.168.86.26&apos;, os.name: &apos;Windows 10&apos;, os.arch: &apos;amd64&apos;, os.version: &apos;10.0&apos;, java.version: &apos;1.8.0_251&apos;&#10;Driver info: org.openqa.selenium.firefox.FirefoxDriver&#10;Capabilities {acceptInsecureCerts: true, browserName: firefox, browserVersion: 81.0.2, javascriptEnabled: true, moz:accessibilityChecks: false, moz:buildID: 20201012085804, moz:geckodriverVersion: 0.27.0, moz:headless: false, moz:processID: 16824, moz:profile: C:\Users\tetiana\AppData\Lo..., moz:shutdownTimeout: 60000, moz:useNonSpecCompliantPointerOrigin: false, moz:webdriverClick: true, pageLoadStrategy: normal, platform: WINDOWS, platformName: WINDOWS, platformVersion: 10.0, rotatable: false, setWindowRect: true, strictFileInteractability: false, timeouts: {implicit: 0, pageLoad: 300000, script: 30000}, unhandledPromptBehavior: dismiss and notify}&#10;Session ID: 692edd3c-94c3-4212-a91e-1d41620c7cce" type="org.openqa.selenium.NoSuchSessionException">org.openqa.selenium.NoSuchSessionException: 
Tried to run command without establishing a connection
Build info: version: '3.7.0', revision: '2321c73', time: '2017-11-02T22:22:35.584Z'
System info: host: 'DESKTOP-RSTO0AN', ip: '192.168.86.26', os.name: 'Windows 10', os.arch: 'amd64', os.version: '10.0', java.version: '1.8.0_251'
Driver info: org.openqa.selenium.firefox.FirefoxDriver
Capabilities {acceptInsecureCerts: true, browserName: firefox, browserVersion: 81.0.2, javascriptEnabled: true, moz:accessibilityChecks: false, moz:buildID: 20201012085804, moz:geckodriverVersion: 0.27.0, moz:headless: false, moz:processID: 16824, moz:profile: C:\Users\tetiana\AppData\Lo..., moz:shutdownTimeout: 60000, moz:useNonSpecCompliantPointerOrigin: false, moz:webdriverClick: true, pageLoadStrategy: normal, platform: WINDOWS, platformName: WINDOWS, platformVersion: 10.0, rotatable: false, setWindowRect: true, strictFileInteractability: false, timeouts: {implicit: 0, pageLoad: 300000, script: 30000}, unhandledPromptBehavior: dismiss and notify}
Session ID: 692edd3c-94c3-4212-a91e-1d41620c7cce
</error>
  </testcase>
  <testcase name="Given User is on Retail website" classname="Scenario: D) Add Products to the Shopping Cart" time="0"/>
  <testcase name="When User clicks on &apos;Tablets&apos; product Menu" classname="Scenario: D) Add Products to the Shopping Cart" time="0"/>
  <testcase name="And User should see list of products for that category" classname="Scenario: D) Add Products to the Shopping Cart" time="0"/>
  <testcase name="And User clicks on product &apos;Samsung Galaxy Tab 10.1&apos;" classname="Scenario: D) Add Products to the Shopping Cart" time="0"/>
  <testcase name="And Verify &apos;Add to Cart&apos; button is appeared in the product details" classname="Scenario: D) Add Products to the Shopping Cart" time="0"/>
  <testcase name="And User clicks on &apos;Add to Cart&apos; button" classname="Scenario: D) Add Products to the Shopping Cart" time="0"/>
  <testcase name="And User clicks on &apos;Add to Cart&apos; button" classname="Scenario: D) Add Products to the Shopping Cart" time="0"/>
  <testcase name="And User can see the message &apos;Success: You have added Samsung Galaxy Tab 10.1 to your shopping cart!&apos;" classname="Scenario: D) Add Products to the Shopping Cart" time="0"/>
  <testcase name="Then User click on &apos;Shopping Cart&apos;" classname="Scenario: D) Add Products to the Shopping Cart" time="0"/>
  <testcase name="And Verify &apos;Samsung Galaxy Tab 10.1&apos; in the Shopping cart" classname="Scenario: D) Add Products to the Shopping Cart" time="0"/>
  <testcase name="And Verify that same item not repeated in Shopping Cart" classname="Scenario: D) Add Products to the Shopping Cart" time="0"/>
  <testcase name="Scenario: D) Add Products to the Shopping Cart" classname="Scenario: D) Add Products to the Shopping Cart" time="1.471">
    <error message="Tried to run command without establishing a connection&#10;Build info: version: &apos;3.7.0&apos;, revision: &apos;2321c73&apos;, time: &apos;2017-11-02T22:22:35.584Z&apos;&#10;System info: host: &apos;DESKTOP-RSTO0AN&apos;, ip: &apos;192.168.86.26&apos;, os.name: &apos;Windows 10&apos;, os.arch: &apos;amd64&apos;, os.version: &apos;10.0&apos;, java.version: &apos;1.8.0_251&apos;&#10;Driver info: org.openqa.selenium.firefox.FirefoxDriver&#10;Capabilities {acceptInsecureCerts: true, browserName: firefox, browserVersion: 81.0.2, javascriptEnabled: true, moz:accessibilityChecks: false, moz:buildID: 20201012085804, moz:geckodriverVersion: 0.27.0, moz:headless: false, moz:processID: 24876, moz:profile: C:\Users\tetiana\AppData\Lo..., moz:shutdownTimeout: 60000, moz:useNonSpecCompliantPointerOrigin: false, moz:webdriverClick: true, pageLoadStrategy: normal, platform: WINDOWS, platformName: WINDOWS, platformVersion: 10.0, rotatable: false, setWindowRect: true, strictFileInteractability: false, timeouts: {implicit: 0, pageLoad: 300000, script: 30000}, unhandledPromptBehavior: dismiss and notify}&#10;Session ID: 915f0ef4-90e3-4eb2-81db-2bb1bfea44ef" type="org.openqa.selenium.NoSuchSessionException">org.openqa.selenium.NoSuchSessionException: 
Tried to run command without establishing a connection
Build info: version: '3.7.0', revision: '2321c73', time: '2017-11-02T22:22:35.584Z'
System info: host: 'DESKTOP-RSTO0AN', ip: '192.168.86.26', os.name: 'Windows 10', os.arch: 'amd64', os.version: '10.0', java.version: '1.8.0_251'
Driver info: org.openqa.selenium.firefox.FirefoxDriver
Capabilities {acceptInsecureCerts: true, browserName: firefox, browserVersion: 81.0.2, javascriptEnabled: true, moz:accessibilityChecks: false, moz:buildID: 20201012085804, moz:geckodriverVersion: 0.27.0, moz:headless: false, moz:processID: 24876, moz:profile: C:\Users\tetiana\AppData\Lo..., moz:shutdownTimeout: 60000, moz:useNonSpecCompliantPointerOrigin: false, moz:webdriverClick: true, pageLoadStrategy: normal, platform: WINDOWS, platformName: WINDOWS, platformVersion: 10.0, rotatable: false, setWindowRect: true, strictFileInteractability: false, timeouts: {implicit: 0, pageLoad: 300000, script: 30000}, unhandledPromptBehavior: dismiss and notify}
Session ID: 915f0ef4-90e3-4eb2-81db-2bb1bfea44ef
</error>
  </testcase>
  <testcase name="Given User is on Retail website" classname="Scenario: E) Remove Product from Shopping Cart" time="0"/>
  <testcase name="When User clicks on &apos;Tablets&apos; product Menu" classname="Scenario: E) Remove Product from Shopping Cart" time="0"/>
  <testcase name="And User clicks on product &apos;Samsung Galaxy Tab 10.1&apos;" classname="Scenario: E) Remove Product from Shopping Cart" time="0"/>
  <testcase name="And User clicks on &apos;Add to Cart&apos; button" classname="Scenario: E) Remove Product from Shopping Cart" time="0"/>
  <testcase name="Then User click on &apos;Shopping Cart&apos;" classname="Scenario: E) Remove Product from Shopping Cart" time="0"/>
  <testcase name="And Verify &apos;Samsung Galaxy Tab 10.1&apos; in the Shopping cart" classname="Scenario: E) Remove Product from Shopping Cart" time="0.001"/>
  <testcase name="And User should be able to see a RED X button for each item" classname="Scenario: E) Remove Product from Shopping Cart" time="0"/>
  <testcase name="And Verify button is red color in hex &apos;#da4f49&apos;" classname="Scenario: E) Remove Product from Shopping Cart" time="0"/>
  <testcase name="Then User click on RED X button to remove item from the cart" classname="Scenario: E) Remove Product from Shopping Cart" time="0"/>
  <testcase name="And Verify Item is removed from the cart" classname="Scenario: E) Remove Product from Shopping Cart" time="0"/>
  <testcase name="Scenario: E) Remove Product from Shopping Cart" classname="Scenario: E) Remove Product from Shopping Cart" time="2.007">
    <error message="Tried to run command without establishing a connection&#10;Build info: version: &apos;3.7.0&apos;, revision: &apos;2321c73&apos;, time: &apos;2017-11-02T22:22:35.584Z&apos;&#10;System info: host: &apos;DESKTOP-RSTO0AN&apos;, ip: &apos;192.168.86.26&apos;, os.name: &apos;Windows 10&apos;, os.arch: &apos;amd64&apos;, os.version: &apos;10.0&apos;, java.version: &apos;1.8.0_251&apos;&#10;Driver info: org.openqa.selenium.firefox.FirefoxDriver&#10;Capabilities {acceptInsecureCerts: true, browserName: firefox, browserVersion: 81.0.2, javascriptEnabled: true, moz:accessibilityChecks: false, moz:buildID: 20201012085804, moz:geckodriverVersion: 0.27.0, moz:headless: false, moz:processID: 2400, moz:profile: C:\Users\tetiana\AppData\Lo..., moz:shutdownTimeout: 60000, moz:useNonSpecCompliantPointerOrigin: false, moz:webdriverClick: true, pageLoadStrategy: normal, platform: WINDOWS, platformName: WINDOWS, platformVersion: 10.0, rotatable: false, setWindowRect: true, strictFileInteractability: false, timeouts: {implicit: 0, pageLoad: 300000, script: 30000}, unhandledPromptBehavior: dismiss and notify}&#10;Session ID: 2aa4d2ed-8bfc-4b97-af47-b64983f0a52a" type="org.openqa.selenium.NoSuchSessionException">org.openqa.selenium.NoSuchSessionException: 
Tried to run command without establishing a connection
Build info: version: '3.7.0', revision: '2321c73', time: '2017-11-02T22:22:35.584Z'
System info: host: 'DESKTOP-RSTO0AN', ip: '192.168.86.26', os.name: 'Windows 10', os.arch: 'amd64', os.version: '10.0', java.version: '1.8.0_251'
Driver info: org.openqa.selenium.firefox.FirefoxDriver
Capabilities {acceptInsecureCerts: true, browserName: firefox, browserVersion: 81.0.2, javascriptEnabled: true, moz:accessibilityChecks: false, moz:buildID: 20201012085804, moz:geckodriverVersion: 0.27.0, moz:headless: false, moz:processID: 2400, moz:profile: C:\Users\tetiana\AppData\Lo..., moz:shutdownTimeout: 60000, moz:useNonSpecCompliantPointerOrigin: false, moz:webdriverClick: true, pageLoadStrategy: normal, platform: WINDOWS, platformName: WINDOWS, platformVersion: 10.0, rotatable: false, setWindowRect: true, strictFileInteractability: false, timeouts: {implicit: 0, pageLoad: 300000, script: 30000}, unhandledPromptBehavior: dismiss and notify}
Session ID: 2aa4d2ed-8bfc-4b97-af47-b64983f0a52a
</error>
  </testcase>
  <testcase name="Given User is on Retail website" classname="Scenario: F) Add product to &apos;Wish List&apos;" time="0"/>
  <testcase name="When User clicks on &apos;Tablets&apos; product Menu" classname="Scenario: F) Add product to &apos;Wish List&apos;" time="0"/>
  <testcase name="And User clicks on product &apos;Samsung Galaxy Tab 10.1&apos;" classname="Scenario: F) Add product to &apos;Wish List&apos;" time="0"/>
  <testcase name="And Verify an &apos;Heart&apos; icon is present" classname="Scenario: F) Add product to &apos;Wish List&apos;" time="0"/>
  <testcase name="And When user hover mouse over the Heart Icon it should show &apos;Add to Wish List&apos;" classname="Scenario: F) Add product to &apos;Wish List&apos;" time="0"/>
  <testcase name="Then User click on Heart icon" classname="Scenario: F) Add product to &apos;Wish List&apos;" time="0"/>
  <testcase name="And User see the message &apos;You must login or create an account to save Samsung Galaxy Tab 10.1 to your wish list!&apos;" classname="Scenario: F) Add product to &apos;Wish List&apos;" time="0"/>
  <testcase name="When User click  on MyAccount" classname="Scenario: F) Add product to &apos;Wish List&apos;" time="0"/>
  <testcase name="And Verify that Login sub-option in My Account menu and click on Login" classname="Scenario: F) Add product to &apos;Wish List&apos;" time="0"/>
  <testcase name="And User enter username &apos;karen@gmail.com&apos; and password &apos;loren123&apos;" classname="Scenario: F) Add product to &apos;Wish List&apos;" time="0"/>
  <testcase name="And User click on Login button" classname="Scenario: F) Add product to &apos;Wish List&apos;" time="0"/>
  <testcase name="And User click on Menu &apos;Wish List&apos; and user can see the added product" classname="Scenario: F) Add product to &apos;Wish List&apos;" time="0"/>
  <testcase name="Scenario: F) Add product to &apos;Wish List&apos;" classname="Scenario: F) Add product to &apos;Wish List&apos;" time="2.26">
    <error message="Tried to run command without establishing a connection&#10;Build info: version: &apos;3.7.0&apos;, revision: &apos;2321c73&apos;, time: &apos;2017-11-02T22:22:35.584Z&apos;&#10;System info: host: &apos;DESKTOP-RSTO0AN&apos;, ip: &apos;192.168.86.26&apos;, os.name: &apos;Windows 10&apos;, os.arch: &apos;amd64&apos;, os.version: &apos;10.0&apos;, java.version: &apos;1.8.0_251&apos;&#10;Driver info: org.openqa.selenium.firefox.FirefoxDriver&#10;Capabilities {acceptInsecureCerts: true, browserName: firefox, browserVersion: 81.0.2, javascriptEnabled: true, moz:accessibilityChecks: false, moz:buildID: 20201012085804, moz:geckodriverVersion: 0.27.0, moz:headless: false, moz:processID: 24264, moz:profile: C:\Users\tetiana\AppData\Lo..., moz:shutdownTimeout: 60000, moz:useNonSpecCompliantPointerOrigin: false, moz:webdriverClick: true, pageLoadStrategy: normal, platform: WINDOWS, platformName: WINDOWS, platformVersion: 10.0, rotatable: false, setWindowRect: true, strictFileInteractability: false, timeouts: {implicit: 0, pageLoad: 300000, script: 30000}, unhandledPromptBehavior: dismiss and notify}&#10;Session ID: 78cb7426-1540-432b-9622-b106b57cc004" type="org.openqa.selenium.NoSuchSessionException">org.openqa.selenium.NoSuchSessionException: 
Tried to run command without establishing a connection
Build info: version: '3.7.0', revision: '2321c73', time: '2017-11-02T22:22:35.584Z'
System info: host: 'DESKTOP-RSTO0AN', ip: '192.168.86.26', os.name: 'Windows 10', os.arch: 'amd64', os.version: '10.0', java.version: '1.8.0_251'
Driver info: org.openqa.selenium.firefox.FirefoxDriver
Capabilities {acceptInsecureCerts: true, browserName: firefox, browserVersion: 81.0.2, javascriptEnabled: true, moz:accessibilityChecks: false, moz:buildID: 20201012085804, moz:geckodriverVersion: 0.27.0, moz:headless: false, moz:processID: 24264, moz:profile: C:\Users\tetiana\AppData\Lo..., moz:shutdownTimeout: 60000, moz:useNonSpecCompliantPointerOrigin: false, moz:webdriverClick: true, pageLoadStrategy: normal, platform: WINDOWS, platformName: WINDOWS, platformVersion: 10.0, rotatable: false, setWindowRect: true, strictFileInteractability: false, timeouts: {implicit: 0, pageLoad: 300000, script: 30000}, unhandledPromptBehavior: dismiss and notify}
Session ID: 78cb7426-1540-432b-9622-b106b57cc004
</error>
  </testcase>
  <testcase name="Given User is on Retail website" classname="Scenario: G) Remove Product From Wish List" time="0"/>
  <testcase name="When User clicks on &apos;Tablets&apos; product Menu" classname="Scenario: G) Remove Product From Wish List" time="0"/>
  <testcase name="And User click on Heart icon" classname="Scenario: G) Remove Product From Wish List" time="0"/>
  <testcase name="And User click  on MyAccount" classname="Scenario: G) Remove Product From Wish List" time="0.001"/>
  <testcase name="And Verify that Login sub-option in My Account menu and click on Login" classname="Scenario: G) Remove Product From Wish List" time="0"/>
  <testcase name="And User enter username &apos;karen@gmail.com&apos; and password &apos;loren123&apos;" classname="Scenario: G) Remove Product From Wish List" time="0"/>
  <testcase name="And User click on Login button" classname="Scenario: G) Remove Product From Wish List" time="0.001"/>
  <testcase name="Then User click on Menu &apos;Wish List&apos; and user can see the added product" classname="Scenario: G) Remove Product From Wish List" time="0"/>
  <testcase name="And User can see a Red X button for the product" classname="Scenario: G) Remove Product From Wish List" time="0"/>
  <testcase name="And User click on Red X button in Wish List" classname="Scenario: G) Remove Product From Wish List" time="0"/>
  <testcase name="And Item should be removed from Wish List" classname="Scenario: G) Remove Product From Wish List" time="0"/>
  <testcase name="Scenario: G) Remove Product From Wish List" classname="Scenario: G) Remove Product From Wish List" time="1.907">
    <error message="Tried to run command without establishing a connection&#10;Build info: version: &apos;3.7.0&apos;, revision: &apos;2321c73&apos;, time: &apos;2017-11-02T22:22:35.584Z&apos;&#10;System info: host: &apos;DESKTOP-RSTO0AN&apos;, ip: &apos;192.168.86.26&apos;, os.name: &apos;Windows 10&apos;, os.arch: &apos;amd64&apos;, os.version: &apos;10.0&apos;, java.version: &apos;1.8.0_251&apos;&#10;Driver info: org.openqa.selenium.firefox.FirefoxDriver&#10;Capabilities {acceptInsecureCerts: true, browserName: firefox, browserVersion: 81.0.2, javascriptEnabled: true, moz:accessibilityChecks: false, moz:buildID: 20201012085804, moz:geckodriverVersion: 0.27.0, moz:headless: false, moz:processID: 8380, moz:profile: C:\Users\tetiana\AppData\Lo..., moz:shutdownTimeout: 60000, moz:useNonSpecCompliantPointerOrigin: false, moz:webdriverClick: true, pageLoadStrategy: normal, platform: WINDOWS, platformName: WINDOWS, platformVersion: 10.0, rotatable: false, setWindowRect: true, strictFileInteractability: false, timeouts: {implicit: 0, pageLoad: 300000, script: 30000}, unhandledPromptBehavior: dismiss and notify}&#10;Session ID: 0e18e579-1919-43a1-a47b-487be185eabb" type="org.openqa.selenium.NoSuchSessionException">org.openqa.selenium.NoSuchSessionException: 
Tried to run command without establishing a connection
Build info: version: '3.7.0', revision: '2321c73', time: '2017-11-02T22:22:35.584Z'
System info: host: 'DESKTOP-RSTO0AN', ip: '192.168.86.26', os.name: 'Windows 10', os.arch: 'amd64', os.version: '10.0', java.version: '1.8.0_251'
Driver info: org.openqa.selenium.firefox.FirefoxDriver
Capabilities {acceptInsecureCerts: true, browserName: firefox, browserVersion: 81.0.2, javascriptEnabled: true, moz:accessibilityChecks: false, moz:buildID: 20201012085804, moz:geckodriverVersion: 0.27.0, moz:headless: false, moz:processID: 8380, moz:profile: C:\Users\tetiana\AppData\Lo..., moz:shutdownTimeout: 60000, moz:useNonSpecCompliantPointerOrigin: false, moz:webdriverClick: true, pageLoadStrategy: normal, platform: WINDOWS, platformName: WINDOWS, platformVersion: 10.0, rotatable: false, setWindowRect: true, strictFileInteractability: false, timeouts: {implicit: 0, pageLoad: 300000, script: 30000}, unhandledPromptBehavior: dismiss and notify}
Session ID: 0e18e579-1919-43a1-a47b-487be185eabb
</error>
  </testcase>
  <testcase name="Given User is on Retail website" classname="Scenario: H) User should be able to change Currency of Product prices" time="0"/>
  <testcase name="When User see Currency button on the left of the page" classname="Scenario: H) User should be able to change Currency of Product prices" time="0"/>
  <testcase name="And US Dollar Currency selected by default" classname="Scenario: H) User should be able to change Currency of Product prices" time="0"/>
  <testcase name="And User click on Currency button" classname="Scenario: H) User should be able to change Currency of Product prices" time="0"/>
  <testcase name="And Verify Currency drop-down menu contains &apos;Euro&apos;, &apos;Pound Sterling&apos; and &apos;US Dollar&apos; options" classname="Scenario: H) User should be able to change Currency of Product prices" time="0"/>
  <testcase name="Then User selects Pound Sterling currency" classname="Scenario: H) User should be able to change Currency of Product prices" time="0"/>
  <testcase name="When User clicks on &apos;Tablets&apos; product Menu" classname="Scenario: H) User should be able to change Currency of Product prices" time="0"/>
  <testcase name="And User clicks on product &apos;Samsung Galaxy Tab 10.1&apos;" classname="Scenario: H) User should be able to change Currency of Product prices" time="0"/>
  <testcase name="And Verify Price of the Product in Pound Sterling" classname="Scenario: H) User should be able to change Currency of Product prices" time="0"/>
  <testcase name="And User click on Heart icon" classname="Scenario: H) User should be able to change Currency of Product prices" time="0"/>
  <testcase name="And User click  on MyAccount" classname="Scenario: H) User should be able to change Currency of Product prices" time="0.001"/>
  <testcase name="And User click  on MyAccount" classname="Scenario: H) User should be able to change Currency of Product prices" time="0"/>
  <testcase name="And User click  on MyAccount" classname="Scenario: H) User should be able to change Currency of Product prices" time="0"/>
  <testcase name="And Verify that Login sub-option in My Account menu and click on Login" classname="Scenario: H) User should be able to change Currency of Product prices" time="0"/>
  <testcase name="And Verify that Login sub-option in My Account menu and click on Login" classname="Scenario: H) User should be able to change Currency of Product prices" time="0"/>
  <testcase name="And User enter username &apos;karen@gmail.com&apos; and password &apos;loren123&apos;" classname="Scenario: H) User should be able to change Currency of Product prices" time="0"/>
  <testcase name="And User enter username &apos;karen@gmail.com&apos; and password &apos;loren123&apos;" classname="Scenario: H) User should be able to change Currency of Product prices" time="0"/>
  <testcase name="And User click on Login button" classname="Scenario: H) User should be able to change Currency of Product prices" time="0"/>
  <testcase name="And User click on Login button" classname="Scenario: H) User should be able to change Currency of Product prices" time="0"/>
  <testcase name="Then User click on Menu &apos;Wish List&apos; and user can see the added product" classname="Scenario: H) User should be able to change Currency of Product prices" time="0"/>
  <testcase name="Then User click on Menu &apos;Wish List&apos; and user can see the added product" classname="Scenario: H) User should be able to change Currency of Product prices" time="0"/>
  <testcase name="And Verify Price of the product in Pound Sterling in the Wish List" classname="Scenario: H) User should be able to change Currency of Product prices" time="0"/>
  <testcase name="And Verify Price of the product in Pound Sterling in the Wish List" classname="Scenario: H) User should be able to change Currency of Product prices" time="0"/>
  <testcase name="And Verify that Logout sub-option is displayed in My Account drop-down menu" classname="Scenario: H) User should be able to change Currency of Product prices" time="0"/>
  <testcase name="Then User click on Logout" classname="Scenario: H) User should be able to change Currency of Product prices" time="0"/>
  <testcase name="Scenario: H) User should be able to change Currency of Product prices" classname="Scenario: H) User should be able to change Currency of Product prices" time="2.02">
    <error message="Tried to run command without establishing a connection&#10;Build info: version: &apos;3.7.0&apos;, revision: &apos;2321c73&apos;, time: &apos;2017-11-02T22:22:35.584Z&apos;&#10;System info: host: &apos;DESKTOP-RSTO0AN&apos;, ip: &apos;192.168.86.26&apos;, os.name: &apos;Windows 10&apos;, os.arch: &apos;amd64&apos;, os.version: &apos;10.0&apos;, java.version: &apos;1.8.0_251&apos;&#10;Driver info: org.openqa.selenium.firefox.FirefoxDriver&#10;Capabilities {acceptInsecureCerts: true, browserName: firefox, browserVersion: 81.0.2, javascriptEnabled: true, moz:accessibilityChecks: false, moz:buildID: 20201012085804, moz:geckodriverVersion: 0.27.0, moz:headless: false, moz:processID: 7972, moz:profile: C:\Users\tetiana\AppData\Lo..., moz:shutdownTimeout: 60000, moz:useNonSpecCompliantPointerOrigin: false, moz:webdriverClick: true, pageLoadStrategy: normal, platform: WINDOWS, platformName: WINDOWS, platformVersion: 10.0, rotatable: false, setWindowRect: true, strictFileInteractability: false, timeouts: {implicit: 0, pageLoad: 300000, script: 30000}, unhandledPromptBehavior: dismiss and notify}&#10;Session ID: 6b59d2e3-74ef-438d-b183-ec2d7a26d7c6" type="org.openqa.selenium.NoSuchSessionException">org.openqa.selenium.NoSuchSessionException: 
Tried to run command without establishing a connection
Build info: version: '3.7.0', revision: '2321c73', time: '2017-11-02T22:22:35.584Z'
System info: host: 'DESKTOP-RSTO0AN', ip: '192.168.86.26', os.name: 'Windows 10', os.arch: 'amd64', os.version: '10.0', java.version: '1.8.0_251'
Driver info: org.openqa.selenium.firefox.FirefoxDriver
Capabilities {acceptInsecureCerts: true, browserName: firefox, browserVersion: 81.0.2, javascriptEnabled: true, moz:accessibilityChecks: false, moz:buildID: 20201012085804, moz:geckodriverVersion: 0.27.0, moz:headless: false, moz:processID: 7972, moz:profile: C:\Users\tetiana\AppData\Lo..., moz:shutdownTimeout: 60000, moz:useNonSpecCompliantPointerOrigin: false, moz:webdriverClick: true, pageLoadStrategy: normal, platform: WINDOWS, platformName: WINDOWS, platformVersion: 10.0, rotatable: false, setWindowRect: true, strictFileInteractability: false, timeouts: {implicit: 0, pageLoad: 300000, script: 30000}, unhandledPromptBehavior: dismiss and notify}
Session ID: 6b59d2e3-74ef-438d-b183-ec2d7a26d7c6
</error>
  </testcase>
  <testcase name="Given User is on Retail website" classname="Scenario: I) Calculate total cost for Products in the Shopping Cart" time="0"/>
  <testcase name="When User clicks on &apos;Tablets&apos; product Menu" classname="Scenario: I) Calculate total cost for Products in the Shopping Cart" time="0"/>
  <testcase name="And User clicks on product &apos;Samsung Galaxy Tab 10.1&apos;" classname="Scenario: I) Calculate total cost for Products in the Shopping Cart" time="0"/>
  <testcase name="And User clicks on &apos;Add to Cart&apos; button" classname="Scenario: I) Calculate total cost for Products in the Shopping Cart" time="0"/>
  <testcase name="And User clicks on &apos;Add to Cart&apos; button" classname="Scenario: I) Calculate total cost for Products in the Shopping Cart" time="0"/>
  <testcase name="Then User click on &apos;Shopping Cart&apos;" classname="Scenario: I) Calculate total cost for Products in the Shopping Cart" time="0"/>
  <testcase name="And Verify that same item not repeated in Shopping Cart" classname="Scenario: I) Calculate total cost for Products in the Shopping Cart" time="0"/>
  <testcase name="And Verify Unit Price and Total columns are displayed" classname="Scenario: I) Calculate total cost for Products in the Shopping Cart" time="0"/>
  <testcase name="And Verify Total price should be the number equals Quantity times Unit Price" classname="Scenario: I) Calculate total cost for Products in the Shopping Cart" time="0"/>
  <testcase name="And Verify section &apos;What would you like to do next?&apos; is displayed" classname="Scenario: I) Calculate total cost for Products in the Shopping Cart" time="0.001"/>
  <testcase name="And Verify &apos;Use Coupon Code&apos; section is displayed" classname="Scenario: I) Calculate total cost for Products in the Shopping Cart" time="0"/>
  <testcase name="And Verify &apos;Estimate Shipping &amp; Taxes&apos; section is displayed" classname="Scenario: I) Calculate total cost for Products in the Shopping Cart" time="0"/>
  <testcase name="And Select shipping destination by selecting Shipping country &apos;United States&apos;, state &apos;North Carolina&apos; and postCode &apos;28277&apos;" classname="Scenario: I) Calculate total cost for Products in the Shopping Cart" time="0"/>
  <testcase name="And User click get Quotes button" classname="Scenario: I) Calculate total cost for Products in the Shopping Cart" time="0.001"/>
  <testcase name="And Verify flat rate is displayed and check radio button to add shipping cost to total" classname="Scenario: I) Calculate total cost for Products in the Shopping Cart" time="0"/>
  <testcase name="Then User click Apply Shipping" classname="Scenario: I) Calculate total cost for Products in the Shopping Cart" time="0"/>
  <testcase name="And Verify total price is calculated correctly including shipping cost" classname="Scenario: I) Calculate total cost for Products in the Shopping Cart" time="0"/>
  <testcase name="And Verify checkout button displayed" classname="Scenario: I) Calculate total cost for Products in the Shopping Cart" time="0"/>
  <testcase name="Scenario: I) Calculate total cost for Products in the Shopping Cart" classname="Scenario: I) Calculate total cost for Products in the Shopping Cart" time="2.179">
    <error message="Tried to run command without establishing a connection&#10;Build info: version: &apos;3.7.0&apos;, revision: &apos;2321c73&apos;, time: &apos;2017-11-02T22:22:35.584Z&apos;&#10;System info: host: &apos;DESKTOP-RSTO0AN&apos;, ip: &apos;192.168.86.26&apos;, os.name: &apos;Windows 10&apos;, os.arch: &apos;amd64&apos;, os.version: &apos;10.0&apos;, java.version: &apos;1.8.0_251&apos;&#10;Driver info: org.openqa.selenium.firefox.FirefoxDriver&#10;Capabilities {acceptInsecureCerts: true, browserName: firefox, browserVersion: 81.0.2, javascriptEnabled: true, moz:accessibilityChecks: false, moz:buildID: 20201012085804, moz:geckodriverVersion: 0.27.0, moz:headless: false, moz:processID: 24720, moz:profile: C:\Users\tetiana\AppData\Lo..., moz:shutdownTimeout: 60000, moz:useNonSpecCompliantPointerOrigin: false, moz:webdriverClick: true, pageLoadStrategy: normal, platform: WINDOWS, platformName: WINDOWS, platformVersion: 10.0, rotatable: false, setWindowRect: true, strictFileInteractability: false, timeouts: {implicit: 0, pageLoad: 300000, script: 30000}, unhandledPromptBehavior: dismiss and notify}&#10;Session ID: 59610d3b-b49c-49be-aa4f-ac6ad6c905b8" type="org.openqa.selenium.NoSuchSessionException">org.openqa.selenium.NoSuchSessionException: 
Tried to run command without establishing a connection
Build info: version: '3.7.0', revision: '2321c73', time: '2017-11-02T22:22:35.584Z'
System info: host: 'DESKTOP-RSTO0AN', ip: '192.168.86.26', os.name: 'Windows 10', os.arch: 'amd64', os.version: '10.0', java.version: '1.8.0_251'
Driver info: org.openqa.selenium.firefox.FirefoxDriver
Capabilities {acceptInsecureCerts: true, browserName: firefox, browserVersion: 81.0.2, javascriptEnabled: true, moz:accessibilityChecks: false, moz:buildID: 20201012085804, moz:geckodriverVersion: 0.27.0, moz:headless: false, moz:processID: 24720, moz:profile: C:\Users\tetiana\AppData\Lo..., moz:shutdownTimeout: 60000, moz:useNonSpecCompliantPointerOrigin: false, moz:webdriverClick: true, pageLoadStrategy: normal, platform: WINDOWS, platformName: WINDOWS, platformVersion: 10.0, rotatable: false, setWindowRect: true, strictFileInteractability: false, timeouts: {implicit: 0, pageLoad: 300000, script: 30000}, unhandledPromptBehavior: dismiss and notify}
Session ID: 59610d3b-b49c-49be-aa4f-ac6ad6c905b8
</error>
  </testcase>
</testsuite>